<?xml version="1.0" encoding="UTF-8"?>
<!-- Generated by org.testng.reporters.JUnitReportReporter -->
<testsuite hostname="DESKTOP-04V0FKK" failures="0" tests="3" name="com.runner.TestRunnerTestNG" time="61.652" errors="1" timestamp="2025-09-09T13:36:13 IST" skipped="0">
  <testcase classname="com.runner.TestRunnerTestNG" name="runScenario" time="1.791"/>
  <testcase classname="com.runner.TestRunnerTestNG" name="runScenario" time="36.286"/>
  <testcase classname="com.runner.TestRunnerTestNG" name="runScenario" time="23.575">
    <error message="The step &#039;user should see the My cart page&#039; and 12 other step(s) are undefined.
You can implement these steps using the snippet(s) below:

@Then(&quot;user should see the My cart page&quot;)
public void user_should_see_the_my_cart_page() {
    // Write code here that turns the phrase above into concrete actions
    throw new io.cucumber.java.PendingException();
}
@Then(&quot;user clicks on chnage address&quot;)
public void user_clicks_on_chnage_address() {
    // Write code here that turns the phrase above into concrete actions
    throw new io.cucumber.java.PendingException();
}
@Then(&quot;user should see the Deliver To Tab&quot;)
public void user_should_see_the_deliver_to_tab() {
    // Write code here that turns the phrase above into concrete actions
    throw new io.cucumber.java.PendingException();
}
@Then(&quot;user clicks on the Add new Address&quot;)
public void user_clicks_on_the_add_new_address() {
    // Write code here that turns the phrase above into concrete actions
    throw new io.cucumber.java.PendingException();
}
@Then(&quot;user enter the valid pincode and select the pincode&quot;)
public void user_enter_the_valid_pincode_and_select_the_pincode() {
    // Write code here that turns the phrase above into concrete actions
    throw new io.cucumber.java.PendingException();
}
@Then(&quot;user should see enter address details&quot;)
public void user_should_see_enter_address_details() {
    // Write code here that turns the phrase above into concrete actions
    throw new io.cucumber.java.PendingException();
}
@Then(&quot;user enter the house number and clicks save and next&quot;)
public void user_enter_the_house_number_and_clicks_save_and_next() {
    // Write code here that turns the phrase above into concrete actions
    throw new io.cucumber.java.PendingException();
}
@Then(&quot;user fill the recipient details&quot;)
public void user_fill_the_recipient_details() {
    // Write code here that turns the phrase above into concrete actions
    throw new io.cucumber.java.PendingException();
}
@Then(&quot;user clicks the save address&quot;)
public void user_clicks_the_save_address() {
    // Write code here that turns the phrase above into concrete actions
    throw new io.cucumber.java.PendingException();
}
@Then(&quot;user clicks proceed and again clicks proceed&quot;)
public void user_clicks_proceed_and_again_clicks_proceed() {
    // Write code here that turns the phrase above into concrete actions
    throw new io.cucumber.java.PendingException();
}
@Then(&quot;user should see the Delivery Type Tab&quot;)
public void user_should_see_the_delivery_type_tab() {
    // Write code here that turns the phrase above into concrete actions
    throw new io.cucumber.java.PendingException();
}
@Then(&quot;user clicks proceed&quot;)
public void user_clicks_proceed() {
    // Write code here that turns the phrase above into concrete actions
    throw new io.cucumber.java.PendingException();
}
@Then(&quot;user should see the payments tab&quot;)
public void user_should_see_the_payments_tab() {
    // Write code here that turns the phrase above into concrete actions
    throw new io.cucumber.java.PendingException();
}
" type="io.cucumber.testng.UndefinedStepException">
      <![CDATA[io.cucumber.testng.UndefinedStepException: The step 'user should see the My cart page' and 12 other step(s) are undefined.
You can implement these steps using the snippet(s) below:

@Then("user should see the My cart page")
public void user_should_see_the_my_cart_page() {
    // Write code here that turns the phrase above into concrete actions
    throw new io.cucumber.java.PendingException();
}
@Then("user clicks on chnage address")
public void user_clicks_on_chnage_address() {
    // Write code here that turns the phrase above into concrete actions
    throw new io.cucumber.java.PendingException();
}
@Then("user should see the Deliver To Tab")
public void user_should_see_the_deliver_to_tab() {
    // Write code here that turns the phrase above into concrete actions
    throw new io.cucumber.java.PendingException();
}
@Then("user clicks on the Add new Address")
public void user_clicks_on_the_add_new_address() {
    // Write code here that turns the phrase above into concrete actions
    throw new io.cucumber.java.PendingException();
}
@Then("user enter the valid pincode and select the pincode")
public void user_enter_the_valid_pincode_and_select_the_pincode() {
    // Write code here that turns the phrase above into concrete actions
    throw new io.cucumber.java.PendingException();
}
@Then("user should see enter address details")
public void user_should_see_enter_address_details() {
    // Write code here that turns the phrase above into concrete actions
    throw new io.cucumber.java.PendingException();
}
@Then("user enter the house number and clicks save and next")
public void user_enter_the_house_number_and_clicks_save_and_next() {
    // Write code here that turns the phrase above into concrete actions
    throw new io.cucumber.java.PendingException();
}
@Then("user fill the recipient details")
public void user_fill_the_recipient_details() {
    // Write code here that turns the phrase above into concrete actions
    throw new io.cucumber.java.PendingException();
}
@Then("user clicks the save address")
public void user_clicks_the_save_address() {
    // Write code here that turns the phrase above into concrete actions
    throw new io.cucumber.java.PendingException();
}
@Then("user clicks proceed and again clicks proceed")
public void user_clicks_proceed_and_again_clicks_proceed() {
    // Write code here that turns the phrase above into concrete actions
    throw new io.cucumber.java.PendingException();
}
@Then("user should see the Delivery Type Tab")
public void user_should_see_the_delivery_type_tab() {
    // Write code here that turns the phrase above into concrete actions
    throw new io.cucumber.java.PendingException();
}
@Then("user clicks proceed")
public void user_clicks_proceed() {
    // Write code here that turns the phrase above into concrete actions
    throw new io.cucumber.java.PendingException();
}
@Then("user should see the payments tab")
public void user_should_see_the_payments_tab() {
    // Write code here that turns the phrase above into concrete actions
    throw new io.cucumber.java.PendingException();
}

at âœ½.user should see the My cart page(file:///C:/Users/User/eclipse-workspace/Apollo247TestingApp/src/test/resources/Features/3_BuyMedicine.feature:11)
]]>
    </error>
  </testcase> <!-- runScenario -->
</testsuite> <!-- com.runner.TestRunnerTestNG -->
