<?xml version="1.0" encoding="UTF-8"?>
<!-- Generated by org.testng.reporters.JUnitReportReporter -->
<testsuite hostname="DESKTOP-04V0FKK" failures="0" tests="3" name="com.runner.TestRunnerTestNG" time="110.126" errors="0" timestamp="2025-09-11T10:40:06 IST" skipped="0">
  <testcase classname="com.runner.TestRunnerTestNG" name="runScenario" time="55.098"/>
  <testcase classname="com.runner.TestRunnerTestNG" name="runScenario" time="3.775"/>
  <testcase classname="com.runner.TestRunnerTestNG" name="runScenario" time="51.253"/>
</testsuite> <!-- com.runner.TestRunnerTestNG -->
