<?xml version="1.0" encoding="UTF-8"?>
<!-- Generated by org.testng.reporters.JUnitReportReporter -->
<testsuite hostname="DESKTOP-04V0FKK" failures="0" tests="16" name="com.runner.TestRunnerTestNG" time="34.953" errors="16" timestamp="2025-09-13T18:05:40 IST" skipped="0">
  <testcase classname="com.runner.TestRunnerTestNG" name="runScenario" time="10.374">
    <error message="Expected condition failed: waiting for element to be clickable: By.xpath: //span[contains(@class,&#039;CartAddress_actionBtn__&#039;) and text()=&#039;Change&#039;] (tried for 10 second(s) with 500 milliseconds interval)
Build info: version: &#039;4.34.0&#039;, revision: &#039;707dcb4246*&#039;
System info: os.name: &#039;Windows 11&#039;, os.arch: &#039;amd64&#039;, os.version: &#039;10.0&#039;, java.version: &#039;21.0.1&#039;
Driver info: org.openqa.selenium.chrome.ChromeDriver
Capabilities {acceptInsecureCerts: false, browserName: chrome, browserVersion: 140.0.7339.128, chrome: {chromedriverVersion: 140.0.7339.82 (bc93617e21c3..., userDataDir: C:\Users\User\AppData\Local...}, fedcm:accounts: true, goog:chromeOptions: {debuggerAddress: localhost:61080}, networkConnectionEnabled: false, pageLoadStrategy: normal, platformName: windows, proxy: Proxy(), se:cdp: ws://localhost:61080/devtoo..., se:cdpVersion: 140.0.7339.128, setWindowRect: true, strictFileInteractability: false, timeouts: {implicit: 0, pageLoad: 300000, script: 30000}, unhandledPromptBehavior: dismiss and notify, webauthn:extension:credBlob: true, webauthn:extension:largeBlob: true, webauthn:extension:minPinLength: true, webauthn:extension:prf: true, webauthn:virtualAuthenticators: true}
Session ID: 9af6af510b32a99be2080f0e348014c4" type="org.openqa.selenium.TimeoutException">
      <![CDATA[org.openqa.selenium.TimeoutException: Expected condition failed: waiting for element to be clickable: By.xpath: //span[contains(@class,'CartAddress_actionBtn__') and text()='Change'] (tried for 10 second(s) with 500 milliseconds interval)
Build info: version: '4.34.0', revision: '707dcb4246*'
System info: os.name: 'Windows 11', os.arch: 'amd64', os.version: '10.0', java.version: '21.0.1'
Driver info: org.openqa.selenium.chrome.ChromeDriver
Capabilities {acceptInsecureCerts: false, browserName: chrome, browserVersion: 140.0.7339.128, chrome: {chromedriverVersion: 140.0.7339.82 (bc93617e21c3..., userDataDir: C:\Users\User\AppData\Local...}, fedcm:accounts: true, goog:chromeOptions: {debuggerAddress: localhost:61080}, networkConnectionEnabled: false, pageLoadStrategy: normal, platformName: windows, proxy: Proxy(), se:cdp: ws://localhost:61080/devtoo..., se:cdpVersion: 140.0.7339.128, setWindowRect: true, strictFileInteractability: false, timeouts: {implicit: 0, pageLoad: 300000, script: 30000}, unhandledPromptBehavior: dismiss and notify, webauthn:extension:credBlob: true, webauthn:extension:largeBlob: true, webauthn:extension:minPinLength: true, webauthn:extension:prf: true, webauthn:virtualAuthenticators: true}
Session ID: 9af6af510b32a99be2080f0e348014c4
at org.openqa.selenium.support.ui.WebDriverWait.timeoutException(WebDriverWait.java:84)
at org.openqa.selenium.support.ui.FluentWait.until(FluentWait.java:228)
at com.pages.AddressPage.clickChangeAddress(AddressPage.java:47)
at com.stepDefinition.AddressInvalidStep.user_clicks_on_change(AddressInvalidStep.java:18)
at ✽.user clicks on change(file:///C:/Users/User/eclipse-workspace/Apollo247TestingApp/src/test/resources/Features/6_AddressInvalid.feature:4)
]]>
    </error>
  </testcase> <!-- runScenario -->
  <testcase classname="com.runner.TestRunnerTestNG" name="runScenario" time="0.453">
    <error message="The step &#039;user clicks on Buy Medicines tab&#039; and 1 other step(s) are undefined.
You can implement these steps using the snippet(s) below:

@When(&quot;user clicks on Buy Medicines tab&quot;)
public void user_clicks_on_buy_medicines_tab() {
    // Write code here that turns the phrase above into concrete actions
    throw new io.cucumber.java.PendingException();
}
@Then(&quot;user should see Buy Medicines and Essentials page&quot;)
public void user_should_see_buy_medicines_and_essentials_page() {
    // Write code here that turns the phrase above into concrete actions
    throw new io.cucumber.java.PendingException();
}
" type="io.cucumber.testng.UndefinedStepException">
      <![CDATA[io.cucumber.testng.UndefinedStepException: The step 'user clicks on Buy Medicines tab' and 1 other step(s) are undefined.
You can implement these steps using the snippet(s) below:

@When("user clicks on Buy Medicines tab")
public void user_clicks_on_buy_medicines_tab() {
    // Write code here that turns the phrase above into concrete actions
    throw new io.cucumber.java.PendingException();
}
@Then("user should see Buy Medicines and Essentials page")
public void user_should_see_buy_medicines_and_essentials_page() {
    // Write code here that turns the phrase above into concrete actions
    throw new io.cucumber.java.PendingException();
}

at ✽.user clicks on Buy Medicines tab(file:///C:/Users/User/eclipse-workspace/Apollo247TestingApp/src/test/resources/Features/3_BuyMedicineTab.feature:4)
]]>
    </error>
  </testcase> <!-- runScenario -->
  <testcase classname="com.runner.TestRunnerTestNG" name="runScenario" time="10.199">
    <error message="Expected condition failed: waiting for element to be clickable: By.xpath: //span[contains(@class,&#039;CartAddress_actionBtn__&#039;) and text()=&#039;Change&#039;] (tried for 10 second(s) with 500 milliseconds interval)
Build info: version: &#039;4.34.0&#039;, revision: &#039;707dcb4246*&#039;
System info: os.name: &#039;Windows 11&#039;, os.arch: &#039;amd64&#039;, os.version: &#039;10.0&#039;, java.version: &#039;21.0.1&#039;
Driver info: org.openqa.selenium.chrome.ChromeDriver
Capabilities {acceptInsecureCerts: false, browserName: chrome, browserVersion: 140.0.7339.128, chrome: {chromedriverVersion: 140.0.7339.82 (bc93617e21c3..., userDataDir: C:\Users\User\AppData\Local...}, fedcm:accounts: true, goog:chromeOptions: {debuggerAddress: localhost:61080}, networkConnectionEnabled: false, pageLoadStrategy: normal, platformName: windows, proxy: Proxy(), se:cdp: ws://localhost:61080/devtoo..., se:cdpVersion: 140.0.7339.128, setWindowRect: true, strictFileInteractability: false, timeouts: {implicit: 0, pageLoad: 300000, script: 30000}, unhandledPromptBehavior: dismiss and notify, webauthn:extension:credBlob: true, webauthn:extension:largeBlob: true, webauthn:extension:minPinLength: true, webauthn:extension:prf: true, webauthn:virtualAuthenticators: true}
Session ID: 9af6af510b32a99be2080f0e348014c4" type="org.openqa.selenium.TimeoutException">
      <![CDATA[org.openqa.selenium.TimeoutException: Expected condition failed: waiting for element to be clickable: By.xpath: //span[contains(@class,'CartAddress_actionBtn__') and text()='Change'] (tried for 10 second(s) with 500 milliseconds interval)
Build info: version: '4.34.0', revision: '707dcb4246*'
System info: os.name: 'Windows 11', os.arch: 'amd64', os.version: '10.0', java.version: '21.0.1'
Driver info: org.openqa.selenium.chrome.ChromeDriver
Capabilities {acceptInsecureCerts: false, browserName: chrome, browserVersion: 140.0.7339.128, chrome: {chromedriverVersion: 140.0.7339.82 (bc93617e21c3..., userDataDir: C:\Users\User\AppData\Local...}, fedcm:accounts: true, goog:chromeOptions: {debuggerAddress: localhost:61080}, networkConnectionEnabled: false, pageLoadStrategy: normal, platformName: windows, proxy: Proxy(), se:cdp: ws://localhost:61080/devtoo..., se:cdpVersion: 140.0.7339.128, setWindowRect: true, strictFileInteractability: false, timeouts: {implicit: 0, pageLoad: 300000, script: 30000}, unhandledPromptBehavior: dismiss and notify, webauthn:extension:credBlob: true, webauthn:extension:largeBlob: true, webauthn:extension:minPinLength: true, webauthn:extension:prf: true, webauthn:virtualAuthenticators: true}
Session ID: 9af6af510b32a99be2080f0e348014c4
at org.openqa.selenium.support.ui.WebDriverWait.timeoutException(WebDriverWait.java:84)
at org.openqa.selenium.support.ui.FluentWait.until(FluentWait.java:228)
at com.pages.AddressPage.clickChangeAddress(AddressPage.java:47)
at com.stepDefinition.AddressInvalidStep.user_clicks_on_change(AddressInvalidStep.java:18)
at ✽.user clicks on change(file:///C:/Users/User/eclipse-workspace/Apollo247TestingApp/src/test/resources/Features/6_AddressInvalid.feature:17)
]]>
    </error>
  </testcase> <!-- runScenario -->
  <testcase classname="com.runner.TestRunnerTestNG" name="runScenario" time="0.080">
    <error message="The step &#039;user clicks on change in my cart&#039; and 4 other step(s) are undefined.
You can implement these steps using the snippet(s) below:

@When(&quot;user clicks on change in my cart&quot;)
public void user_clicks_on_change_in_my_cart() {
    // Write code here that turns the phrase above into concrete actions
    throw new io.cucumber.java.PendingException();
}
@When(&quot;user see the deliverto and click add new address&quot;)
public void user_see_the_deliverto_and_click_add_new_address() {
    // Write code here that turns the phrase above into concrete actions
    throw new io.cucumber.java.PendingException();
}
@When(&quot;user selects the address by typing in the textarea&quot;)
public void user_selects_the_address_by_typing_in_the_textarea() {
    // Write code here that turns the phrase above into concrete actions
    throw new io.cucumber.java.PendingException();
}
@When(&quot;user enters house number and and click save and next&quot;)
public void user_enters_house_number_and_and_click_save_and_next() {
    // Write code here that turns the phrase above into concrete actions
    throw new io.cucumber.java.PendingException();
}
@When(&quot;user enters recipient and click save address&quot;)
public void user_enters_recipient_and_click_save_address() {
    // Write code here that turns the phrase above into concrete actions
    throw new io.cucumber.java.PendingException();
}
" type="io.cucumber.testng.UndefinedStepException">
      <![CDATA[io.cucumber.testng.UndefinedStepException: The step 'user clicks on change in my cart' and 4 other step(s) are undefined.
You can implement these steps using the snippet(s) below:

@When("user clicks on change in my cart")
public void user_clicks_on_change_in_my_cart() {
    // Write code here that turns the phrase above into concrete actions
    throw new io.cucumber.java.PendingException();
}
@When("user see the deliverto and click add new address")
public void user_see_the_deliverto_and_click_add_new_address() {
    // Write code here that turns the phrase above into concrete actions
    throw new io.cucumber.java.PendingException();
}
@When("user selects the address by typing in the textarea")
public void user_selects_the_address_by_typing_in_the_textarea() {
    // Write code here that turns the phrase above into concrete actions
    throw new io.cucumber.java.PendingException();
}
@When("user enters house number and and click save and next")
public void user_enters_house_number_and_and_click_save_and_next() {
    // Write code here that turns the phrase above into concrete actions
    throw new io.cucumber.java.PendingException();
}
@When("user enters recipient and click save address")
public void user_enters_recipient_and_click_save_address() {
    // Write code here that turns the phrase above into concrete actions
    throw new io.cucumber.java.PendingException();
}

at ✽.user clicks on change in my cart(file:///C:/Users/User/eclipse-workspace/Apollo247TestingApp/src/test/resources/Features/6_AddressInvalid.feature:27)
]]>
    </error>
  </testcase> <!-- runScenario -->
  <testcase classname="com.runner.TestRunnerTestNG" name="runScenario" time="0.331">
    <error message="The step &#039;the user enters special characters in the search box&#039; and 1 other step(s) are undefined.
You can implement these steps using the snippet(s) below:

@When(&quot;the user enters special characters in the search box&quot;)
public void the_user_enters_special_characters_in_the_search_box() {
    // Write code here that turns the phrase above into concrete actions
    throw new io.cucumber.java.PendingException();
}
@Then(&quot;the system should display an error message&quot;)
public void the_system_should_display_an_error_message() {
    // Write code here that turns the phrase above into concrete actions
    throw new io.cucumber.java.PendingException();
}
" type="io.cucumber.testng.UndefinedStepException">
      <![CDATA[io.cucumber.testng.UndefinedStepException: The step 'the user enters special characters in the search box' and 1 other step(s) are undefined.
You can implement these steps using the snippet(s) below:

@When("the user enters special characters in the search box")
public void the_user_enters_special_characters_in_the_search_box() {
    // Write code here that turns the phrase above into concrete actions
    throw new io.cucumber.java.PendingException();
}
@Then("the system should display an error message")
public void the_system_should_display_an_error_message() {
    // Write code here that turns the phrase above into concrete actions
    throw new io.cucumber.java.PendingException();
}

at ✽.the user enters special characters in the search box(file:///C:/Users/User/eclipse-workspace/Apollo247TestingApp/src/test/resources/Features/4_InvalidMedicineSearch.feature:10)
]]>
    </error>
  </testcase> <!-- runScenario -->
  <testcase classname="com.runner.TestRunnerTestNG" name="runScenario" time="0.399">
    <error message="The step &#039;user searches for a medicine from test data marked as out of stock&#039; and 2 other step(s) are undefined.
You can implement these steps using the snippet(s) below:

@When(&quot;user searches for a medicine from test data marked as out of stock&quot;)
public void user_searches_for_a_medicine_from_test_data_marked_as_out_of_stock() {
    // Write code here that turns the phrase above into concrete actions
    throw new io.cucumber.java.PendingException();
}
@When(&quot;user applies the {string} filter&quot;)
public void user_applies_the_filter(String string) {
    // Write code here that turns the phrase above into concrete actions
    throw new io.cucumber.java.PendingException();
}
@Then(&quot;the system should display an error message&quot;)
public void the_system_should_display_an_error_message() {
    // Write code here that turns the phrase above into concrete actions
    throw new io.cucumber.java.PendingException();
}
" type="io.cucumber.testng.UndefinedStepException">
      <![CDATA[io.cucumber.testng.UndefinedStepException: The step 'user searches for a medicine from test data marked as out of stock' and 2 other step(s) are undefined.
You can implement these steps using the snippet(s) below:

@When("user searches for a medicine from test data marked as out of stock")
public void user_searches_for_a_medicine_from_test_data_marked_as_out_of_stock() {
    // Write code here that turns the phrase above into concrete actions
    throw new io.cucumber.java.PendingException();
}
@When("user applies the {string} filter")
public void user_applies_the_filter(String string) {
    // Write code here that turns the phrase above into concrete actions
    throw new io.cucumber.java.PendingException();
}
@Then("the system should display an error message")
public void the_system_should_display_an_error_message() {
    // Write code here that turns the phrase above into concrete actions
    throw new io.cucumber.java.PendingException();
}

at ✽.user searches for a medicine from test data marked as out of stock(file:///C:/Users/User/eclipse-workspace/Apollo247TestingApp/src/test/resources/Features/4_InvalidMedicineSearch.feature:15)
]]>
    </error>
  </testcase> <!-- runScenario -->
  <testcase classname="com.runner.TestRunnerTestNG" name="runScenario" time="0.143">
    <error message="The step &#039;user adds the product to cart and increases quantity by 2&#039; and 2 other step(s) are undefined.
You can implement these steps using the snippet(s) below:

@When(&quot;user adds the product to cart and increases quantity by {int}&quot;)
public void user_adds_the_product_to_cart_and_increases_quantity_by(Integer int1) {
    // Write code here that turns the phrase above into concrete actions
    throw new io.cucumber.java.PendingException();
}
@When(&quot;user clicks on View Cart button after adding products&quot;)
public void user_clicks_on_view_cart_button_after_adding_products() {
    // Write code here that turns the phrase above into concrete actions
    throw new io.cucumber.java.PendingException();
}
@Then(&quot;user should see the My Cart page&quot;)
public void user_should_see_the_my_cart_page() {
    // Write code here that turns the phrase above into concrete actions
    throw new io.cucumber.java.PendingException();
}
" type="io.cucumber.testng.UndefinedStepException">
      <![CDATA[io.cucumber.testng.UndefinedStepException: The step 'user adds the product to cart and increases quantity by 2' and 2 other step(s) are undefined.
You can implement these steps using the snippet(s) below:

@When("user adds the product to cart and increases quantity by {int}")
public void user_adds_the_product_to_cart_and_increases_quantity_by(Integer int1) {
    // Write code here that turns the phrase above into concrete actions
    throw new io.cucumber.java.PendingException();
}
@When("user clicks on View Cart button after adding products")
public void user_clicks_on_view_cart_button_after_adding_products() {
    // Write code here that turns the phrase above into concrete actions
    throw new io.cucumber.java.PendingException();
}
@Then("user should see the My Cart page")
public void user_should_see_the_my_cart_page() {
    // Write code here that turns the phrase above into concrete actions
    throw new io.cucumber.java.PendingException();
}

at ✽.user adds the product to cart and increases quantity by 2(file:///C:/Users/User/eclipse-workspace/Apollo247TestingApp/src/test/resources/Features/5_ValidMedicineSearch.feature:11)
]]>
    </error>
  </testcase> <!-- runScenario -->
  <testcase classname="com.runner.TestRunnerTestNG" name="runScenario" time="10.243">
    <error message="Expected condition failed: waiting for element to be clickable: By.xpath: //span[contains(@class,&#039;CartAddress_actionBtn__&#039;) and text()=&#039;Change&#039;] (tried for 10 second(s) with 500 milliseconds interval)
Build info: version: &#039;4.34.0&#039;, revision: &#039;707dcb4246*&#039;
System info: os.name: &#039;Windows 11&#039;, os.arch: &#039;amd64&#039;, os.version: &#039;10.0&#039;, java.version: &#039;21.0.1&#039;
Driver info: org.openqa.selenium.chrome.ChromeDriver
Capabilities {acceptInsecureCerts: false, browserName: chrome, browserVersion: 140.0.7339.128, chrome: {chromedriverVersion: 140.0.7339.82 (bc93617e21c3..., userDataDir: C:\Users\User\AppData\Local...}, fedcm:accounts: true, goog:chromeOptions: {debuggerAddress: localhost:61080}, networkConnectionEnabled: false, pageLoadStrategy: normal, platformName: windows, proxy: Proxy(), se:cdp: ws://localhost:61080/devtoo..., se:cdpVersion: 140.0.7339.128, setWindowRect: true, strictFileInteractability: false, timeouts: {implicit: 0, pageLoad: 300000, script: 30000}, unhandledPromptBehavior: dismiss and notify, webauthn:extension:credBlob: true, webauthn:extension:largeBlob: true, webauthn:extension:minPinLength: true, webauthn:extension:prf: true, webauthn:virtualAuthenticators: true}
Session ID: 9af6af510b32a99be2080f0e348014c4" type="org.openqa.selenium.TimeoutException">
      <![CDATA[org.openqa.selenium.TimeoutException: Expected condition failed: waiting for element to be clickable: By.xpath: //span[contains(@class,'CartAddress_actionBtn__') and text()='Change'] (tried for 10 second(s) with 500 milliseconds interval)
Build info: version: '4.34.0', revision: '707dcb4246*'
System info: os.name: 'Windows 11', os.arch: 'amd64', os.version: '10.0', java.version: '21.0.1'
Driver info: org.openqa.selenium.chrome.ChromeDriver
Capabilities {acceptInsecureCerts: false, browserName: chrome, browserVersion: 140.0.7339.128, chrome: {chromedriverVersion: 140.0.7339.82 (bc93617e21c3..., userDataDir: C:\Users\User\AppData\Local...}, fedcm:accounts: true, goog:chromeOptions: {debuggerAddress: localhost:61080}, networkConnectionEnabled: false, pageLoadStrategy: normal, platformName: windows, proxy: Proxy(), se:cdp: ws://localhost:61080/devtoo..., se:cdpVersion: 140.0.7339.128, setWindowRect: true, strictFileInteractability: false, timeouts: {implicit: 0, pageLoad: 300000, script: 30000}, unhandledPromptBehavior: dismiss and notify, webauthn:extension:credBlob: true, webauthn:extension:largeBlob: true, webauthn:extension:minPinLength: true, webauthn:extension:prf: true, webauthn:virtualAuthenticators: true}
Session ID: 9af6af510b32a99be2080f0e348014c4
at org.openqa.selenium.support.ui.WebDriverWait.timeoutException(WebDriverWait.java:84)
at org.openqa.selenium.support.ui.FluentWait.until(FluentWait.java:228)
at com.pages.AddressPage.clickChangeAddress(AddressPage.java:47)
at com.stepDefinition.AddressInvalidStep.user_clicks_on_change(AddressInvalidStep.java:18)
at ✽.user clicks on change(file:///C:/Users/User/eclipse-workspace/Apollo247TestingApp/src/test/resources/Features/6_AddressInvalid.feature:10)
]]>
    </error>
  </testcase> <!-- runScenario -->
  <testcase classname="com.runner.TestRunnerTestNG" name="runScenario" time="0.046">
    <error message="The step &#039;user clicks on change in my cart&#039; and 4 other step(s) are undefined.
You can implement these steps using the snippet(s) below:

@When(&quot;user clicks on change in my cart&quot;)
public void user_clicks_on_change_in_my_cart() {
    // Write code here that turns the phrase above into concrete actions
    throw new io.cucumber.java.PendingException();
}
@When(&quot;user see the deliverto and click add new address&quot;)
public void user_see_the_deliverto_and_click_add_new_address() {
    // Write code here that turns the phrase above into concrete actions
    throw new io.cucumber.java.PendingException();
}
@When(&quot;user selects the address by typing in the textarea&quot;)
public void user_selects_the_address_by_typing_in_the_textarea() {
    // Write code here that turns the phrase above into concrete actions
    throw new io.cucumber.java.PendingException();
}
@When(&quot;user enters house number and and click save and next&quot;)
public void user_enters_house_number_and_and_click_save_and_next() {
    // Write code here that turns the phrase above into concrete actions
    throw new io.cucumber.java.PendingException();
}
@When(&quot;user enters recipient and click save address&quot;)
public void user_enters_recipient_and_click_save_address() {
    // Write code here that turns the phrase above into concrete actions
    throw new io.cucumber.java.PendingException();
}
" type="io.cucumber.testng.UndefinedStepException">
      <![CDATA[io.cucumber.testng.UndefinedStepException: The step 'user clicks on change in my cart' and 4 other step(s) are undefined.
You can implement these steps using the snippet(s) below:

@When("user clicks on change in my cart")
public void user_clicks_on_change_in_my_cart() {
    // Write code here that turns the phrase above into concrete actions
    throw new io.cucumber.java.PendingException();
}
@When("user see the deliverto and click add new address")
public void user_see_the_deliverto_and_click_add_new_address() {
    // Write code here that turns the phrase above into concrete actions
    throw new io.cucumber.java.PendingException();
}
@When("user selects the address by typing in the textarea")
public void user_selects_the_address_by_typing_in_the_textarea() {
    // Write code here that turns the phrase above into concrete actions
    throw new io.cucumber.java.PendingException();
}
@When("user enters house number and and click save and next")
public void user_enters_house_number_and_and_click_save_and_next() {
    // Write code here that turns the phrase above into concrete actions
    throw new io.cucumber.java.PendingException();
}
@When("user enters recipient and click save address")
public void user_enters_recipient_and_click_save_address() {
    // Write code here that turns the phrase above into concrete actions
    throw new io.cucumber.java.PendingException();
}

at ✽.user clicks on change in my cart(file:///C:/Users/User/eclipse-workspace/Apollo247TestingApp/src/test/resources/Features/6_ValidAddress.feature:4)
]]>
    </error>
  </testcase> <!-- runScenario -->
  <testcase classname="com.runner.TestRunnerTestNG" name="runScenario" time="0.036">
    <error message="The step &#039;the user enters the first name as &quot;&lt;firstname&gt;&quot;&#039; and 6 other step(s) are undefined.
You can implement these steps using the snippet(s) below:

@When(&quot;the user enters the first name as {string}&quot;)
public void the_user_enters_the_first_name_as(String string) {
    // Write code here that turns the phrase above into concrete actions
    throw new io.cucumber.java.PendingException();
}
@When(&quot;the user enters the last name as {string}&quot;)
public void the_user_enters_the_last_name_as(String string) {
    // Write code here that turns the phrase above into concrete actions
    throw new io.cucumber.java.PendingException();
}
@When(&quot;the user enters the dob as {string}&quot;)
public void the_user_enters_the_dob_as(String string) {
    // Write code here that turns the phrase above into concrete actions
    throw new io.cucumber.java.PendingException();
}
@When(&quot;the user choose the gender&quot;)
public void the_user_choose_the_gender() {
    // Write code here that turns the phrase above into concrete actions
    throw new io.cucumber.java.PendingException();
}
@When(&quot;the user choose the relation&quot;)
public void the_user_choose_the_relation() {
    // Write code here that turns the phrase above into concrete actions
    throw new io.cucumber.java.PendingException();
}
@When(&quot;the user clicks on save and confirm button&quot;)
public void the_user_clicks_on_save_and_confirm_button() {
    // Write code here that turns the phrase above into concrete actions
    throw new io.cucumber.java.PendingException();
}
@Then(&quot;the new patient is added successfully&quot;)
public void the_new_patient_is_added_successfully() {
    // Write code here that turns the phrase above into concrete actions
    throw new io.cucumber.java.PendingException();
}
" type="io.cucumber.testng.UndefinedStepException">
      <![CDATA[io.cucumber.testng.UndefinedStepException: The step 'the user enters the first name as "<firstname>"' and 6 other step(s) are undefined.
You can implement these steps using the snippet(s) below:

@When("the user enters the first name as {string}")
public void the_user_enters_the_first_name_as(String string) {
    // Write code here that turns the phrase above into concrete actions
    throw new io.cucumber.java.PendingException();
}
@When("the user enters the last name as {string}")
public void the_user_enters_the_last_name_as(String string) {
    // Write code here that turns the phrase above into concrete actions
    throw new io.cucumber.java.PendingException();
}
@When("the user enters the dob as {string}")
public void the_user_enters_the_dob_as(String string) {
    // Write code here that turns the phrase above into concrete actions
    throw new io.cucumber.java.PendingException();
}
@When("the user choose the gender")
public void the_user_choose_the_gender() {
    // Write code here that turns the phrase above into concrete actions
    throw new io.cucumber.java.PendingException();
}
@When("the user choose the relation")
public void the_user_choose_the_relation() {
    // Write code here that turns the phrase above into concrete actions
    throw new io.cucumber.java.PendingException();
}
@When("the user clicks on save and confirm button")
public void the_user_clicks_on_save_and_confirm_button() {
    // Write code here that turns the phrase above into concrete actions
    throw new io.cucumber.java.PendingException();
}
@Then("the new patient is added successfully")
public void the_new_patient_is_added_successfully() {
    // Write code here that turns the phrase above into concrete actions
    throw new io.cucumber.java.PendingException();
}

at ✽.the user enters the first name as "<firstname>"(file:///C:/Users/User/eclipse-workspace/Apollo247TestingApp/src/test/resources/Features/7_PatientForm.feature:18)
]]>
    </error>
  </testcase> <!-- runScenario -->
  <testcase classname="com.runner.TestRunnerTestNG" name="runScenario" time="0.450">
    <error message="The step &#039;the user enters numeric value  in the search box&#039; and 1 other step(s) are undefined.
You can implement these steps using the snippet(s) below:

@When(&quot;the user enters numeric value  in the search box&quot;)
public void the_user_enters_numeric_value_in_the_search_box() {
    // Write code here that turns the phrase above into concrete actions
    throw new io.cucumber.java.PendingException();
}
@Then(&quot;the system should display an error message&quot;)
public void the_system_should_display_an_error_message() {
    // Write code here that turns the phrase above into concrete actions
    throw new io.cucumber.java.PendingException();
}
" type="io.cucumber.testng.UndefinedStepException">
      <![CDATA[io.cucumber.testng.UndefinedStepException: The step 'the user enters numeric value  in the search box' and 1 other step(s) are undefined.
You can implement these steps using the snippet(s) below:

@When("the user enters numeric value  in the search box")
public void the_user_enters_numeric_value_in_the_search_box() {
    // Write code here that turns the phrase above into concrete actions
    throw new io.cucumber.java.PendingException();
}
@Then("the system should display an error message")
public void the_system_should_display_an_error_message() {
    // Write code here that turns the phrase above into concrete actions
    throw new io.cucumber.java.PendingException();
}

at ✽.the user enters numeric value  in the search box(file:///C:/Users/User/eclipse-workspace/Apollo247TestingApp/src/test/resources/Features/4_InvalidMedicineSearch.feature:5)
]]>
    </error>
  </testcase> <!-- runScenario -->
  <testcase classname="com.runner.TestRunnerTestNG" name="runScenario" time="0.071">
    <error message="The step &#039;user clicks first proceed button&#039; and 8 other step(s) are undefined.
You can implement these steps using the snippet(s) below:

@When(&quot;user clicks first proceed button&quot;)
public void user_clicks_first_proceed_button() {
    // Write code here that turns the phrase above into concrete actions
    throw new io.cucumber.java.PendingException();
}
@When(&quot;user clicks Second proceed button&quot;)
public void user_clicks_second_proceed_button() {
    // Write code here that turns the phrase above into concrete actions
    throw new io.cucumber.java.PendingException();
}
@When(&quot;user clicks skip savings&quot;)
public void user_clicks_skip_savings() {
    // Write code here that turns the phrase above into concrete actions
    throw new io.cucumber.java.PendingException();
}
@Then(&quot;user should see the upload prescription tab&quot;)
public void user_should_see_the_upload_prescription_tab() {
    // Write code here that turns the phrase above into concrete actions
    throw new io.cucumber.java.PendingException();
}
@Then(&quot;user clicks Add patient button&quot;)
public void user_clicks_add_patient_button() {
    // Write code here that turns the phrase above into concrete actions
    throw new io.cucumber.java.PendingException();
}
@When(&quot;the user enters the invalid first name as {string}&quot;)
public void the_user_enters_the_invalid_first_name_as(String string) {
    // Write code here that turns the phrase above into concrete actions
    throw new io.cucumber.java.PendingException();
}
@When(&quot;the user enters the invalid dob as {string}&quot;)
public void the_user_enters_the_invalid_dob_as(String string) {
    // Write code here that turns the phrase above into concrete actions
    throw new io.cucumber.java.PendingException();
}
@When(&quot;the user enters the invalid email as {string}&quot;)
public void the_user_enters_the_invalid_email_as(String string) {
    // Write code here that turns the phrase above into concrete actions
    throw new io.cucumber.java.PendingException();
}
" type="io.cucumber.testng.UndefinedStepException">
      <![CDATA[io.cucumber.testng.UndefinedStepException: The step 'user clicks first proceed button' and 8 other step(s) are undefined.
You can implement these steps using the snippet(s) below:

@When("user clicks first proceed button")
public void user_clicks_first_proceed_button() {
    // Write code here that turns the phrase above into concrete actions
    throw new io.cucumber.java.PendingException();
}
@When("user clicks Second proceed button")
public void user_clicks_second_proceed_button() {
    // Write code here that turns the phrase above into concrete actions
    throw new io.cucumber.java.PendingException();
}
@When("user clicks skip savings")
public void user_clicks_skip_savings() {
    // Write code here that turns the phrase above into concrete actions
    throw new io.cucumber.java.PendingException();
}
@Then("user should see the upload prescription tab")
public void user_should_see_the_upload_prescription_tab() {
    // Write code here that turns the phrase above into concrete actions
    throw new io.cucumber.java.PendingException();
}
@Then("user clicks Add patient button")
public void user_clicks_add_patient_button() {
    // Write code here that turns the phrase above into concrete actions
    throw new io.cucumber.java.PendingException();
}
@When("the user enters the invalid first name as {string}")
public void the_user_enters_the_invalid_first_name_as(String string) {
    // Write code here that turns the phrase above into concrete actions
    throw new io.cucumber.java.PendingException();
}
@When("the user enters the invalid dob as {string}")
public void the_user_enters_the_invalid_dob_as(String string) {
    // Write code here that turns the phrase above into concrete actions
    throw new io.cucumber.java.PendingException();
}
@When("the user enters the invalid email as {string}")
public void the_user_enters_the_invalid_email_as(String string) {
    // Write code here that turns the phrase above into concrete actions
    throw new io.cucumber.java.PendingException();
}

at ✽.user clicks first proceed button(file:///C:/Users/User/eclipse-workspace/Apollo247TestingApp/src/test/resources/Features/7_PatientForm.feature:4)
]]>
    </error>
  </testcase> <!-- runScenario -->
  <testcase classname="com.runner.TestRunnerTestNG" name="runScenario" time="0.043">
    <error message="The step &#039;user clicks first proceed button&#039; and 2 other step(s) are undefined.
You can implement these steps using the snippet(s) below:

@When(&quot;user clicks first proceed button&quot;)
public void user_clicks_first_proceed_button() {
    // Write code here that turns the phrase above into concrete actions
    throw new io.cucumber.java.PendingException();
}
@When(&quot;user clicks second proceed button&quot;)
public void user_clicks_second_proceed_button() {
    // Write code here that turns the phrase above into concrete actions
    throw new io.cucumber.java.PendingException();
}
@Then(&quot;user should see the payments tab&quot;)
public void user_should_see_the_payments_tab() {
    // Write code here that turns the phrase above into concrete actions
    throw new io.cucumber.java.PendingException();
}
" type="io.cucumber.testng.UndefinedStepException">
      <![CDATA[io.cucumber.testng.UndefinedStepException: The step 'user clicks first proceed button' and 2 other step(s) are undefined.
You can implement these steps using the snippet(s) below:

@When("user clicks first proceed button")
public void user_clicks_first_proceed_button() {
    // Write code here that turns the phrase above into concrete actions
    throw new io.cucumber.java.PendingException();
}
@When("user clicks second proceed button")
public void user_clicks_second_proceed_button() {
    // Write code here that turns the phrase above into concrete actions
    throw new io.cucumber.java.PendingException();
}
@Then("user should see the payments tab")
public void user_should_see_the_payments_tab() {
    // Write code here that turns the phrase above into concrete actions
    throw new io.cucumber.java.PendingException();
}

at ✽.user clicks first proceed button(file:///C:/Users/User/eclipse-workspace/Apollo247TestingApp/src/test/resources/Features/8_Checkout.feature:4)
]]>
    </error>
  </testcase> <!-- runScenario -->
  <testcase classname="com.runner.TestRunnerTestNG" name="runScenario" time="1.541">
    <error message="The step &#039;user is on the login page&#039; and 4 other step(s) are undefined.
You can implement these steps using the snippet(s) below:

@Given(&quot;user is on the login page&quot;)
public void user_is_on_the_login_page() {
    // Write code here that turns the phrase above into concrete actions
    throw new io.cucumber.java.PendingException();
}
@When(&quot;the user enter the valid Mobile Number as {string}&quot;)
public void the_user_enter_the_valid_mobile_number_as(String string) {
    // Write code here that turns the phrase above into concrete actions
    throw new io.cucumber.java.PendingException();
}
@When(&quot;user request an otp&quot;)
public void user_request_an_otp() {
    // Write code here that turns the phrase above into concrete actions
    throw new io.cucumber.java.PendingException();
}
@When(&quot;user enter the otp&quot;)
public void user_enter_the_otp() {
    // Write code here that turns the phrase above into concrete actions
    throw new io.cucumber.java.PendingException();
}
@Then(&quot;user should be successfully logged in&quot;)
public void user_should_be_successfully_logged_in() {
    // Write code here that turns the phrase above into concrete actions
    throw new io.cucumber.java.PendingException();
}
" type="io.cucumber.testng.UndefinedStepException">
      <![CDATA[io.cucumber.testng.UndefinedStepException: The step 'user is on the login page' and 4 other step(s) are undefined.
You can implement these steps using the snippet(s) below:

@Given("user is on the login page")
public void user_is_on_the_login_page() {
    // Write code here that turns the phrase above into concrete actions
    throw new io.cucumber.java.PendingException();
}
@When("the user enter the valid Mobile Number as {string}")
public void the_user_enter_the_valid_mobile_number_as(String string) {
    // Write code here that turns the phrase above into concrete actions
    throw new io.cucumber.java.PendingException();
}
@When("user request an otp")
public void user_request_an_otp() {
    // Write code here that turns the phrase above into concrete actions
    throw new io.cucumber.java.PendingException();
}
@When("user enter the otp")
public void user_enter_the_otp() {
    // Write code here that turns the phrase above into concrete actions
    throw new io.cucumber.java.PendingException();
}
@Then("user should be successfully logged in")
public void user_should_be_successfully_logged_in() {
    // Write code here that turns the phrase above into concrete actions
    throw new io.cucumber.java.PendingException();
}

at ✽.user is on the login page(file:///C:/Users/User/eclipse-workspace/Apollo247TestingApp/src/test/resources/Features/2_Login_ValidphoneOtp.feature:16)
]]>
    </error>
  </testcase> <!-- runScenario -->
  <testcase classname="com.runner.TestRunnerTestNG" name="runScenario" time="0.128">
    <error message="Duplicate step definitions in com.stepDefinition.AddressInvalidStep.user_validates_return_to_cart_page() and com.stepDefinition.AddressValidStep.user_validates_returned_to_cart_page()" type="io.cucumber.core.runner.DuplicateStepDefinitionException">
      <![CDATA[io.cucumber.core.runner.DuplicateStepDefinitionException: Duplicate step definitions in com.stepDefinition.AddressInvalidStep.user_validates_return_to_cart_page() and com.stepDefinition.AddressValidStep.user_validates_returned_to_cart_page()
at io.cucumber.core.runner.CachingGlue.lambda$prepareGlue$3(CachingGlue.java:313)
at java.base/java.util.ArrayList.forEach(ArrayList.java:1596)
at io.cucumber.core.runner.CachingGlue.prepareGlue(CachingGlue.java:307)
at io.cucumber.core.runner.Runner.runPickle(Runner.java:73)
at io.cucumber.testng.TestNGCucumberRunner.lambda$runScenario$1(TestNGCucumberRunner.java:135)
at io.cucumber.core.runtime.CucumberExecutionContext.lambda$runTestCase$5(CucumberExecutionContext.java:136)
at io.cucumber.core.runtime.RethrowingThrowableCollector.executeAndThrow(RethrowingThrowableCollector.java:23)
at io.cucumber.core.runtime.CucumberExecutionContext.runTestCase(CucumberExecutionContext.java:136)
at io.cucumber.testng.TestNGCucumberRunner.runScenario(TestNGCucumberRunner.java:132)
at io.cucumber.testng.AbstractTestNGCucumberTests.runScenario(AbstractTestNGCucumberTests.java:35)
at java.base/jdk.internal.reflect.DirectMethodHandleAccessor.invoke(DirectMethodHandleAccessor.java:103)
at java.base/java.lang.reflect.Method.invoke(Method.java:580)
at org.testng.internal.invokers.MethodInvocationHelper.invokeMethod(MethodInvocationHelper.java:141)
at org.testng.internal.invokers.TestInvoker.invokeMethod(TestInvoker.java:687)
at org.testng.internal.invokers.TestInvoker.invokeTestMethod(TestInvoker.java:230)
at org.testng.internal.invokers.MethodRunner.runInSequence(MethodRunner.java:63)
at org.testng.internal.invokers.TestInvoker$MethodInvocationAgent.invoke(TestInvoker.java:995)
at org.testng.internal.invokers.TestInvoker.invokeTestMethods(TestInvoker.java:203)
at org.testng.internal.invokers.TestMethodWorker.invokeTestMethods(TestMethodWorker.java:154)
at org.testng.internal.invokers.TestMethodWorker.run(TestMethodWorker.java:134)
at java.base/java.util.ArrayList.forEach(ArrayList.java:1596)
at org.testng.TestRunner.privateRun(TestRunner.java:741)
at org.testng.TestRunner.run(TestRunner.java:616)
at org.testng.SuiteRunner.runTest(SuiteRunner.java:421)
at org.testng.SuiteRunner.runSequentially(SuiteRunner.java:413)
at org.testng.SuiteRunner.privateRun(SuiteRunner.java:373)
at org.testng.SuiteRunner.run(SuiteRunner.java:312)
at org.testng.SuiteRunnerWorker.runSuite(SuiteRunnerWorker.java:52)
at org.testng.SuiteRunnerWorker.run(SuiteRunnerWorker.java:95)
at org.testng.TestNG.runSuitesSequentially(TestNG.java:1274)
at org.testng.TestNG.runSuitesLocally(TestNG.java:1208)
at org.testng.TestNG.runSuites(TestNG.java:1112)
at org.testng.TestNG.run(TestNG.java:1079)
at org.testng.remote.AbstractRemoteTestNG.run(AbstractRemoteTestNG.java:115)
at org.testng.remote.RemoteTestNG.initAndRun(RemoteTestNG.java:293)
at org.testng.remote.RemoteTestNG.main(RemoteTestNG.java:91)
]]>
    </error>
  </testcase> <!-- runScenario -->
  <testcase classname="com.runner.TestRunnerTestNG" name="runScenario" time="0.416">
    <error message="The step &#039;the user enters valid medicine name in the search box&#039; and 1 other step(s) are undefined.
You can implement these steps using the snippet(s) below:

@When(&quot;the user enters valid medicine name in the search box&quot;)
public void the_user_enters_valid_medicine_name_in_the_search_box() {
    // Write code here that turns the phrase above into concrete actions
    throw new io.cucumber.java.PendingException();
}
@Then(&quot;the system should display medicine name&quot;)
public void the_system_should_display_medicine_name() {
    // Write code here that turns the phrase above into concrete actions
    throw new io.cucumber.java.PendingException();
}
" type="io.cucumber.testng.UndefinedStepException">
      <![CDATA[io.cucumber.testng.UndefinedStepException: The step 'the user enters valid medicine name in the search box' and 1 other step(s) are undefined.
You can implement these steps using the snippet(s) below:

@When("the user enters valid medicine name in the search box")
public void the_user_enters_valid_medicine_name_in_the_search_box() {
    // Write code here that turns the phrase above into concrete actions
    throw new io.cucumber.java.PendingException();
}
@Then("the system should display medicine name")
public void the_system_should_display_medicine_name() {
    // Write code here that turns the phrase above into concrete actions
    throw new io.cucumber.java.PendingException();
}

at ✽.the user enters valid medicine name in the search box(file:///C:/Users/User/eclipse-workspace/Apollo247TestingApp/src/test/resources/Features/5_ValidMedicineSearch.feature:4)
]]>
    </error>
  </testcase> <!-- runScenario -->
</testsuite> <!-- com.runner.TestRunnerTestNG -->
