<?xml version="1.0" encoding="UTF-8"?>
<!-- Generated by org.testng.reporters.JUnitReportReporter -->
<testsuite hostname="DESKTOP-04V0FKK" failures="0" tests="15" name="com.runner.TestRunnerTestNG" time="179.105" errors="0" timestamp="2025-09-14T12:47:11 IST" skipped="0">
  <testcase classname="com.runner.TestRunnerTestNG" name="runScenario" time="2.322"/>
  <testcase classname="com.runner.TestRunnerTestNG" name="runScenario" time="8.464"/>
  <testcase classname="com.runner.TestRunnerTestNG" name="runScenario" time="2.107"/>
  <testcase classname="com.runner.TestRunnerTestNG" name="runScenario" time="4.896"/>
  <testcase classname="com.runner.TestRunnerTestNG" name="runScenario" time="6.882"/>
  <testcase classname="com.runner.TestRunnerTestNG" name="runScenario" time="3.331"/>
  <testcase classname="com.runner.TestRunnerTestNG" name="runScenario" time="3.608"/>
  <testcase classname="com.runner.TestRunnerTestNG" name="runScenario" time="4.504"/>
  <testcase classname="com.runner.TestRunnerTestNG" name="runScenario" time="4.715"/>
  <testcase classname="com.runner.TestRunnerTestNG" name="runScenario" time="17.126"/>
  <testcase classname="com.runner.TestRunnerTestNG" name="runScenario" time="5.206"/>
  <testcase classname="com.runner.TestRunnerTestNG" name="runScenario" time="17.471"/>
  <testcase classname="com.runner.TestRunnerTestNG" name="runScenario" time="63.310"/>
  <testcase classname="com.runner.TestRunnerTestNG" name="runScenario" time="17.770"/>
  <testcase classname="com.runner.TestRunnerTestNG" name="runScenario" time="17.393"/>
</testsuite> <!-- com.runner.TestRunnerTestNG -->
