<?xml version="1.0" encoding="UTF-8"?>
<!-- Generated by org.testng.reporters.JUnitReportReporter -->
<testsuite hostname="DESKTOP-04V0FKK" failures="0" tests="1" name="com.runner.TestRunnerTestNG" time="3.662" errors="0" timestamp="2025-09-06T12:15:41 IST" skipped="0">
  <testcase classname="com.runner.TestRunnerTestNG" name="runScenario" time="3.662"/>
</testsuite> <!-- com.runner.TestRunnerTestNG -->
